# JRE version: OpenJDK Runtime Environment Temurin-21.0.10+7 (21.0.10+7) (build 21.0.10+7-LTS)
# Java VM: OpenJDK 64-Bit Server VM Temurin-21.0.10+7 (21.0.10+7-LTS, mixed mode, sharing, tiered, compressed oops, compressed class ptrs, g1 gc, windows-amd64)
GC Precious Log:
 CardTable entry size: 512
 Card Set container configuration: InlinePtr #cards 5 size 8 Array Of Cards #cards 12 size 40 Howl #buckets 4 coarsen threshold 1843 Howl Bitmap #cards 512 size 80 coarsen threshold 460 Card regions per heap region 1 cards per card region 2048
 CPUs: 12 total, 12 available
 Memory: 15688M
 Large Page Support: Disabled
 NUMA Support: Disabled
 Compressed Oops: Enabled (32-bit)
 Heap Region Size: 1M
 Heap Min Capacity: 8M
 Heap Initial Capacity: 246M
 Heap Max Capacity: 512M
 Pre-touch: Disabled
 Parallel Workers: 10
 Concurrent Workers: 3
 Concurrent Refinement Workers: 10
 Periodic GC: Disabled
Heap:
 garbage-first heap   total 107520K, used 65977K [0x00000000e0000000, 0x0000000100000000)
  region size 1024K, 4 young (4096K), 4 survivors (4096K)
 Metaspace       used 93218K, committed 94080K, reserved 1179648K
  class space    used 12906K, committed 13312K, reserved 1048576K
GC Heap History (20 events):
Event: 13.137 GC heap after
{Heap after GC invocations=32 (full 0):
 garbage-first heap   total 75776K, used 45798K [0x00000000e0000000, 0x0000000100000000)
  region size 1024K, 3 young (3072K), 3 survivors (3072K)
 Metaspace       used 87363K, committed 88064K, reserved 1179648K
  class space    used 12165K, committed 12480K, reserved 1048576K
}
Event: 13.291 GC heap before
{Heap before GC invocations=32 (full 0):
 garbage-first heap   total 75776K, used 68326K [0x00000000e0000000, 0x0000000100000000)
  region size 1024K, 26 young (26624K), 3 survivors (3072K)
 Metaspace       used 88813K, committed 89472K, reserved 1179648K
  class space    used 12355K, committed 12672K, reserved 1048576K
}
Event: 13.294 GC heap after
{Heap after GC invocations=33 (full 0):
 garbage-first heap   total 76800K, used 46387K [0x00000000e0000000, 0x0000000100000000)
  region size 1024K, 4 young (4096K), 4 survivors (4096K)
 Metaspace       used 88813K, committed 89472K, reserved 1179648K
  class space    used 12355K, committed 12672K, reserved 1048576K
}
Event: 13.522 GC heap before
{Heap before GC invocations=33 (full 0):
 garbage-first heap   total 76800K, used 69939K [0x00000000e0000000, 0x0000000100000000)
  region size 1024K, 27 young (27648K), 4 survivors (4096K)
 Metaspace       used 89294K, committed 90048K, reserved 1179648K
  class space    used 12399K, committed 12736K, reserved 1048576K
}
Event: 13.525 GC heap after
{Heap after GC invocations=34 (full 0):
 garbage-first heap   total 76800K, used 47140K [0x00000000e0000000, 0x0000000100000000)
  region size 1024K, 3 young (3072K), 3 survivors (3072K)
 Metaspace       used 89294K, committed 90048K, reserved 1179648K
  class space    used 12399K, committed 12736K, reserved 1048576K
}
Event: 13.699 GC heap before
{Heap before GC invocations=35 (full 0):
 garbage-first heap   total 80896K, used 70692K [0x00000000e0000000, 0x0000000100000000)
  region size 1024K, 26 young (26624K), 3 survivors (3072K)
 Metaspace       used 89502K, committed 90176K, reserved 1179648K
  class space    used 12418K, committed 12736K, reserved 1048576K
}
Event: 13.703 GC heap after
{Heap after GC invocations=36 (full 0):
 garbage-first heap   total 80896K, used 51200K [0x00000000e0000000, 0x0000000100000000)
  region size 1024K, 4 young (4096K), 4 survivors (4096K)
 Metaspace       used 89502K, committed 90176K, reserved 1179648K
  class space    used 12418K, committed 12736K, reserved 1048576K
}
Event: 13.922 GC heap before
{Heap before GC invocations=36 (full 0):
 garbage-first heap   total 80896K, used 73728K [0x00000000e0000000, 0x0000000100000000)
  region size 1024K, 26 young (26624K), 4 survivors (4096K)
 Metaspace       used 90468K, committed 91264K, reserved 1179648K
  class space    used 12575K, committed 12928K, reserved 1048576K
}
Event: 13.927 GC heap after
{Heap after GC invocations=37 (full 0):
 garbage-first heap   total 81920K, used 52488K [0x00000000e0000000, 0x0000000100000000)
  region size 1024K, 2 young (2048K), 2 survivors (2048K)
 Metaspace       used 90468K, committed 91264K, reserved 1179648K
  class space    used 12575K, committed 12928K, reserved 1048576K
}
Event: 14.322 GC heap before
{Heap before GC invocations=37 (full 0):
 garbage-first heap   total 81920K, used 73992K [0x00000000e0000000, 0x0000000100000000)
  region size 1024K, 23 young (23552K), 2 survivors (2048K)
 Metaspace       used 91627K, committed 92416K, reserved 1179648K
  class space    used 12697K, committed 13056K, reserved 1048576K
}
Event: 14.327 GC heap after
{Heap after GC invocations=38 (full 0):
 garbage-first heap   total 81920K, used 55981K [0x00000000e0000000, 0x0000000100000000)
  region size 1024K, 3 young (3072K), 3 survivors (3072K)
 Metaspace       used 91627K, committed 92416K, reserved 1179648K
  class space    used 12697K, committed 13056K, reserved 1048576K
}
Event: 14.386 GC heap before
{Heap before GC invocations=39 (full 0):
 garbage-first heap   total 94208K, used 74413K [0x00000000e0000000, 0x0000000100000000)
  region size 1024K, 21 young (21504K), 3 survivors (3072K)
 Metaspace       used 91627K, committed 92416K, reserved 1179648K
  class space    used 12697K, committed 13056K, reserved 1048576K
}
Event: 14.391 GC heap after
{Heap after GC invocations=40 (full 0):
 garbage-first heap   total 94208K, used 61393K [0x00000000e0000000, 0x0000000100000000)
  region size 1024K, 3 young (3072K), 3 survivors (3072K)
 Metaspace       used 91627K, committed 92416K, reserved 1179648K
  class space    used 12697K, committed 13056K, reserved 1048576K
}
Event: 14.427 GC heap before
{Heap before GC invocations=40 (full 0):
 garbage-first heap   total 94208K, used 81873K [0x00000000e0000000, 0x0000000100000000)
  region size 1024K, 23 young (23552K), 3 survivors (3072K)
 Metaspace       used 91638K, committed 92416K, reserved 1179648K
  class space    used 12698K, committed 13056K, reserved 1048576K
}
Event: 14.431 GC heap after
{Heap after GC invocations=41 (full 0):
 garbage-first heap   total 94208K, used 64054K [0x00000000e0000000, 0x0000000100000000)
  region size 1024K, 3 young (3072K), 3 survivors (3072K)
 Metaspace       used 91638K, committed 92416K, reserved 1179648K
  class space    used 12698K, committed 13056K, reserved 1048576K
}
Event: 14.466 GC heap before
{Heap before GC invocations=41 (full 0):
 garbage-first heap   total 94208K, used 83510K [0x00000000e0000000, 0x0000000100000000)
  region size 1024K, 22 young (22528K), 3 survivors (3072K)
 Metaspace       used 91638K, committed 92416K, reserved 1179648K
  class space    used 12698K, committed 13056K, reserved 1048576K
}
Event: 14.469 GC heap after
{Heap after GC invocations=42 (full 0):
 garbage-first heap   total 94208K, used 66419K [0x00000000e0000000, 0x0000000100000000)
  region size 1024K, 3 young (3072K), 3 survivors (3072K)
 Metaspace       used 91638K, committed 92416K, reserved 1179648K
  class space    used 12698K, committed 13056K, reserved 1048576K
}
Event: 14.534 GC heap before
{Heap before GC invocations=43 (full 0):
 garbage-first heap   total 107520K, used 81779K [0x00000000e0000000, 0x0000000100000000)
  region size 1024K, 20 young (20480K), 3 survivors (3072K)
 Metaspace       used 91640K, committed 92416K, reserved 1179648K
  class space    used 12698K, committed 13056K, reserved 1048576K
}
Event: 14.537 GC heap after
{Heap after GC invocations=44 (full 0):
 garbage-first heap   total 107520K, used 66430K [0x00000000e0000000, 0x0000000100000000)
  region size 1024K, 2 young (2048K), 2 survivors (2048K)
 Metaspace       used 91640K, committed 92416K, reserved 1179648K
  class space    used 12698K, committed 13056K, reserved 1048576K
}
Event: 14.903 GC heap before
{Heap before GC invocations=44 (full 0):
 garbage-first heap   total 107520K, used 92030K [0x00000000e0000000, 0x0000000100000000)
  region size 1024K, 27 young (27648K), 2 survivors (2048K)
 Metaspace       used 93218K, committed 94080K, reserved 1179648K
  class space    used 12906K, committed 13312K, reserved 1048576K
}

