# JRE version: OpenJDK Runtime Environment Temurin-21.0.10+7 (21.0.10+7) (build 21.0.10+7-LTS)
# Java VM: OpenJDK 64-Bit Server VM Temurin-21.0.10+7 (21.0.10+7-LTS, mixed mode, sharing, tiered, compressed oops, compressed class ptrs, parallel gc, windows-amd64)
GC Precious Log:
 CardTable entry size: 512
 CPUs: 12 total, 12 available
 Memory: 15688M
 Large Page Support: Disabled
 NUMA Support: Disabled
 Compressed Oops: Enabled (32-bit)
 Alignments: Space 512K, Generation 512K, Heap 2M
 Heap Min Capacity: 100M
 Heap Initial Capacity: 100M
 Heap Max Capacity: 2G
 Pre-touch: Disabled
 Parallel Workers: 10
Heap:
 PSYoungGen      total 5120K, used 2293K [0x00000000d5580000, 0x00000000d5c80000, 0x0000000100000000)
  eden space 4608K, 38% used [0x00000000d5580000,0x00000000d573d5f8,0x00000000d5a00000)
  from space 512K, 100% used [0x00000000d5b00000,0x00000000d5b80000,0x00000000d5b80000)
  to   space 1024K, 0% used [0x00000000d5a00000,0x00000000d5a00000,0x00000000d5b00000)
 ParOldGen       total 1157632K, used 1157197K [0x0000000080000000, 0x00000000c6a80000, 0x00000000d5580000)
  object space 1157632K, 99% used [0x0000000080000000,0x00000000c6a13528,0x00000000c6a80000)
 Metaspace       used 104175K, committed 106240K, reserved 1179648K
  class space    used 11378K, committed 12352K, reserved 1048576K
GC Heap History (20 events):
Event: 4835.813 GC heap before
{Heap before GC invocations=2270 (full 5):
 PSYoungGen      total 4608K, used 4608K [0x00000000d5580000, 0x00000000d5c80000, 0x0000000100000000)
  eden space 4096K, 100% used [0x00000000d5580000,0x00000000d5980000,0x00000000d5980000)
  from space 512K, 100% used [0x00000000d5b80000,0x00000000d5c00000,0x00000000d5c00000)
  to   space 1536K, 0% used [0x00000000d5980000,0x00000000d5980000,0x00000000d5b00000)
 ParOldGen       total 1153024K, used 1152543K [0x0000000080000000, 0x00000000c6600000, 0x00000000d5580000)
  object space 1153024K, 99% used [0x0000000080000000,0x00000000c6587df8,0x00000000c6600000)
 Metaspace       used 104175K, committed 106240K, reserved 1179648K
  class space    used 11378K, committed 12352K, reserved 1048576K
}
Event: 4835.818 GC heap after
{Heap after GC invocations=2270 (full 5):
 PSYoungGen      total 5632K, used 608K [0x00000000d5580000, 0x00000000d5c00000, 0x0000000100000000)
  eden space 4096K, 0% used [0x00000000d5580000,0x00000000d5580000,0x00000000d5980000)
  from space 1536K, 39% used [0x00000000d5980000,0x00000000d5a18020,0x00000000d5b00000)
  to   space 1024K, 0% used [0x00000000d5b00000,0x00000000d5b00000,0x00000000d5c00000)
 ParOldGen       total 1153024K, used 1152903K [0x0000000080000000, 0x00000000c6600000, 0x00000000d5580000)
  object space 1153024K, 99% used [0x0000000080000000,0x00000000c65e1df8,0x00000000c6600000)
 Metaspace       used 104175K, committed 106240K, reserved 1179648K
  class space    used 11378K, committed 12352K, reserved 1048576K
}
Event: 4835.851 GC heap before
{Heap before GC invocations=2271 (full 5):
 PSYoungGen      total 5632K, used 4704K [0x00000000d5580000, 0x00000000d5c00000, 0x0000000100000000)
  eden space 4096K, 100% used [0x00000000d5580000,0x00000000d5980000,0x00000000d5980000)
  from space 1536K, 39% used [0x00000000d5980000,0x00000000d5a18020,0x00000000d5b00000)
  to   space 1024K, 0% used [0x00000000d5b00000,0x00000000d5b00000,0x00000000d5c00000)
 ParOldGen       total 1153024K, used 1152903K [0x0000000080000000, 0x00000000c6600000, 0x00000000d5580000)
  object space 1153024K, 99% used [0x0000000080000000,0x00000000c65e1df8,0x00000000c6600000)
 Metaspace       used 104175K, committed 106240K, reserved 1179648K
  class space    used 11378K, committed 12352K, reserved 1048576K
}
Event: 4835.853 GC heap after
{Heap after GC invocations=2271 (full 5):
 PSYoungGen      total 5120K, used 576K [0x00000000d5580000, 0x00000000d5c00000, 0x0000000100000000)
  eden space 4096K, 0% used [0x00000000d5580000,0x00000000d5580000,0x00000000d5980000)
  from space 1024K, 56% used [0x00000000d5b00000,0x00000000d5b90000,0x00000000d5c00000)
  to   space 1024K, 0% used [0x00000000d5a00000,0x00000000d5a00000,0x00000000d5b00000)
 ParOldGen       total 1153536K, used 1153359K [0x0000000080000000, 0x00000000c6680000, 0x00000000d5580000)
  object space 1153536K, 99% used [0x0000000080000000,0x00000000c6653e38,0x00000000c6680000)
 Metaspace       used 104175K, committed 106240K, reserved 1179648K
  class space    used 11378K, committed 12352K, reserved 1048576K
}
Event: 4835.873 GC heap before
{Heap before GC invocations=2272 (full 5):
 PSYoungGen      total 5120K, used 4672K [0x00000000d5580000, 0x00000000d5c00000, 0x0000000100000000)
  eden space 4096K, 100% used [0x00000000d5580000,0x00000000d5980000,0x00000000d5980000)
  from space 1024K, 56% used [0x00000000d5b00000,0x00000000d5b90000,0x00000000d5c00000)
  to   space 1024K, 0% used [0x00000000d5a00000,0x00000000d5a00000,0x00000000d5b00000)
 ParOldGen       total 1153536K, used 1153359K [0x0000000080000000, 0x00000000c6680000, 0x00000000d5580000)
  object space 1153536K, 99% used [0x0000000080000000,0x00000000c6653e38,0x00000000c6680000)
 Metaspace       used 104175K, committed 106240K, reserved 1179648K
  class space    used 11378K, committed 12352K, reserved 1048576K
}
Event: 4835.875 GC heap after
{Heap after GC invocations=2272 (full 5):
 PSYoungGen      total 5120K, used 544K [0x00000000d5580000, 0x00000000d5b80000, 0x0000000100000000)
  eden space 4096K, 0% used [0x00000000d5580000,0x00000000d5580000,0x00000000d5980000)
  from space 1024K, 53% used [0x00000000d5a00000,0x00000000d5a88000,0x00000000d5b00000)
  to   space 512K, 0% used [0x00000000d5b00000,0x00000000d5b00000,0x00000000d5b80000)
 ParOldGen       total 1154048K, used 1153799K [0x0000000080000000, 0x00000000c6700000, 0x00000000d5580000)
  object space 1154048K, 99% used [0x0000000080000000,0x00000000c66c1e78,0x00000000c6700000)
 Metaspace       used 104175K, committed 106240K, reserved 1179648K
  class space    used 11378K, committed 12352K, reserved 1048576K
}
Event: 4835.894 GC heap before
{Heap before GC invocations=2273 (full 5):
 PSYoungGen      total 5120K, used 4640K [0x00000000d5580000, 0x00000000d5b80000, 0x0000000100000000)
  eden space 4096K, 100% used [0x00000000d5580000,0x00000000d5980000,0x00000000d5980000)
  from space 1024K, 53% used [0x00000000d5a00000,0x00000000d5a88000,0x00000000d5b00000)
  to   space 512K, 0% used [0x00000000d5b00000,0x00000000d5b00000,0x00000000d5b80000)
 ParOldGen       total 1154048K, used 1153799K [0x0000000080000000, 0x00000000c6700000, 0x00000000d5580000)
  object space 1154048K, 99% used [0x0000000080000000,0x00000000c66c1e78,0x00000000c6700000)
 Metaspace       used 104175K, committed 106240K, reserved 1179648K
  class space    used 11378K, committed 12352K, reserved 1048576K
}
Event: 4835.898 GC heap after
{Heap after GC invocations=2273 (full 5):
 PSYoungGen      total 4608K, used 512K [0x00000000d5580000, 0x00000000d5c80000, 0x0000000100000000)
  eden space 4096K, 0% used [0x00000000d5580000,0x00000000d5580000,0x00000000d5980000)
  from space 512K, 100% used [0x00000000d5b00000,0x00000000d5b80000,0x00000000d5b80000)
  to   space 1536K, 0% used [0x00000000d5980000,0x00000000d5980000,0x00000000d5b00000)
 ParOldGen       total 1154560K, used 1154459K [0x0000000080000000, 0x00000000c6780000, 0x00000000d5580000)
  object space 1154560K, 99% used [0x0000000080000000,0x00000000c6766f28,0x00000000c6780000)
 Metaspace       used 104175K, committed 106240K, reserved 1179648K
  class space    used 11378K, committed 12352K, reserved 1048576K
}
Event: 4835.911 GC heap before
{Heap before GC invocations=2274 (full 5):
 PSYoungGen      total 4608K, used 4608K [0x00000000d5580000, 0x00000000d5c80000, 0x0000000100000000)
  eden space 4096K, 100% used [0x00000000d5580000,0x00000000d5980000,0x00000000d5980000)
  from space 512K, 100% used [0x00000000d5b00000,0x00000000d5b80000,0x00000000d5b80000)
  to   space 1536K, 0% used [0x00000000d5980000,0x00000000d5980000,0x00000000d5b00000)
 ParOldGen       total 1154560K, used 1154459K [0x0000000080000000, 0x00000000c6780000, 0x00000000d5580000)
  object space 1154560K, 99% used [0x0000000080000000,0x00000000c6766f28,0x00000000c6780000)
 Metaspace       used 104175K, committed 106240K, reserved 1179648K
  class space    used 11378K, committed 12352K, reserved 1048576K
}
Event: 4835.914 GC heap after
{Heap after GC invocations=2274 (full 5):
 PSYoungGen      total 5120K, used 586K [0x00000000d5580000, 0x00000000d5b80000, 0x0000000100000000)
  eden space 4096K, 0% used [0x00000000d5580000,0x00000000d5580000,0x00000000d5980000)
  from space 1024K, 57% used [0x00000000d5980000,0x00000000d5a12910,0x00000000d5a80000)
  to   space 1024K, 0% used [0x00000000d5a80000,0x00000000d5a80000,0x00000000d5b80000)
 ParOldGen       total 1155072K, used 1154927K [0x0000000080000000, 0x00000000c6800000, 0x00000000d5580000)
  object space 1155072K, 99% used [0x0000000080000000,0x00000000c67dbde8,0x00000000c6800000)
 Metaspace       used 104175K, committed 106240K, reserved 1179648K
  class space    used 11378K, committed 12352K, reserved 1048576K
}
Event: 4835.926 GC heap before
{Heap before GC invocations=2275 (full 5):
 PSYoungGen      total 5120K, used 4682K [0x00000000d5580000, 0x00000000d5b80000, 0x0000000100000000)
  eden space 4096K, 100% used [0x00000000d5580000,0x00000000d5980000,0x00000000d5980000)
  from space 1024K, 57% used [0x00000000d5980000,0x00000000d5a12910,0x00000000d5a80000)
  to   space 1024K, 0% used [0x00000000d5a80000,0x00000000d5a80000,0x00000000d5b80000)
 ParOldGen       total 1155072K, used 1154927K [0x0000000080000000, 0x00000000c6800000, 0x00000000d5580000)
  object space 1155072K, 99% used [0x0000000080000000,0x00000000c67dbde8,0x00000000c6800000)
 Metaspace       used 104175K, committed 106240K, reserved 1179648K
  class space    used 11378K, committed 12352K, reserved 1048576K
}
Event: 4835.931 GC heap after
{Heap after GC invocations=2275 (full 5):
 PSYoungGen      total 5120K, used 672K [0x00000000d5580000, 0x00000000d5b80000, 0x0000000100000000)
  eden space 4096K, 0% used [0x00000000d5580000,0x00000000d5580000,0x00000000d5980000)
  from space 1024K, 65% used [0x00000000d5a80000,0x00000000d5b28000,0x00000000d5b80000)
  to   space 1024K, 0% used [0x00000000d5980000,0x00000000d5980000,0x00000000d5a80000)
 ParOldGen       total 1155584K, used 1155379K [0x0000000080000000, 0x00000000c6880000, 0x00000000d5580000)
  object space 1155584K, 99% used [0x0000000080000000,0x00000000c684cff8,0x00000000c6880000)
 Metaspace       used 104175K, committed 106240K, reserved 1179648K
  class space    used 11378K, committed 12352K, reserved 1048576K
}
Event: 4835.943 GC heap before
{Heap before GC invocations=2276 (full 5):
 PSYoungGen      total 5120K, used 4768K [0x00000000d5580000, 0x00000000d5b80000, 0x0000000100000000)
  eden space 4096K, 100% used [0x00000000d5580000,0x00000000d5980000,0x00000000d5980000)
  from space 1024K, 65% used [0x00000000d5a80000,0x00000000d5b28000,0x00000000d5b80000)
  to   space 1024K, 0% used [0x00000000d5980000,0x00000000d5980000,0x00000000d5a80000)
 ParOldGen       total 1155584K, used 1155379K [0x0000000080000000, 0x00000000c6880000, 0x00000000d5580000)
  object space 1155584K, 99% used [0x0000000080000000,0x00000000c684cff8,0x00000000c6880000)
 Metaspace       used 104175K, committed 106240K, reserved 1179648K
  class space    used 11378K, committed 12352K, reserved 1048576K
}
Event: 4835.945 GC heap after
{Heap after GC invocations=2276 (full 5):
 PSYoungGen      total 5120K, used 592K [0x00000000d5580000, 0x00000000d5b80000, 0x0000000100000000)
  eden space 4096K, 0% used [0x00000000d5580000,0x00000000d5580000,0x00000000d5980000)
  from space 1024K, 57% used [0x00000000d5980000,0x00000000d5a14010,0x00000000d5a80000)
  to   space 1024K, 0% used [0x00000000d5a80000,0x00000000d5a80000,0x00000000d5b80000)
 ParOldGen       total 1156096K, used 1155896K [0x0000000080000000, 0x00000000c6900000, 0x00000000d5580000)
  object space 1156096K, 99% used [0x0000000080000000,0x00000000c68ce028,0x00000000c6900000)
 Metaspace       used 104175K, committed 106240K, reserved 1179648K
  class space    used 11378K, committed 12352K, reserved 1048576K
}
Event: 4835.956 GC heap before
{Heap before GC invocations=2277 (full 5):
 PSYoungGen      total 5120K, used 4688K [0x00000000d5580000, 0x00000000d5b80000, 0x0000000100000000)
  eden space 4096K, 100% used [0x00000000d5580000,0x00000000d5980000,0x00000000d5980000)
  from space 1024K, 57% used [0x00000000d5980000,0x00000000d5a14010,0x00000000d5a80000)
  to   space 1024K, 0% used [0x00000000d5a80000,0x00000000d5a80000,0x00000000d5b80000)
 ParOldGen       total 1156096K, used 1155896K [0x0000000080000000, 0x00000000c6900000, 0x00000000d5580000)
  object space 1156096K, 99% used [0x0000000080000000,0x00000000c68ce028,0x00000000c6900000)
 Metaspace       used 104175K, committed 106240K, reserved 1179648K
  class space    used 11378K, committed 12352K, reserved 1048576K
}
Event: 4835.959 GC heap after
{Heap after GC invocations=2277 (full 5):
 PSYoungGen      total 5120K, used 580K [0x00000000d5580000, 0x00000000d5b80000, 0x0000000100000000)
  eden space 4096K, 0% used [0x00000000d5580000,0x00000000d5580000,0x00000000d5980000)
  from space 1024K, 56% used [0x00000000d5a80000,0x00000000d5b11210,0x00000000d5b80000)
  to   space 1024K, 0% used [0x00000000d5980000,0x00000000d5980000,0x00000000d5a80000)
 ParOldGen       total 1156608K, used 1156336K [0x0000000080000000, 0x00000000c6980000, 0x00000000d5580000)
  object space 1156608K, 99% used [0x0000000080000000,0x00000000c693c068,0x00000000c6980000)
 Metaspace       used 104175K, committed 106240K, reserved 1179648K
  class space    used 11378K, committed 12352K, reserved 1048576K
}
Event: 4835.967 GC heap before
{Heap before GC invocations=2278 (full 5):
 PSYoungGen      total 5120K, used 4676K [0x00000000d5580000, 0x00000000d5b80000, 0x0000000100000000)
  eden space 4096K, 100% used [0x00000000d5580000,0x00000000d5980000,0x00000000d5980000)
  from space 1024K, 56% used [0x00000000d5a80000,0x00000000d5b11210,0x00000000d5b80000)
  to   space 1024K, 0% used [0x00000000d5980000,0x00000000d5980000,0x00000000d5a80000)
 ParOldGen       total 1156608K, used 1156336K [0x0000000080000000, 0x00000000c6980000, 0x00000000d5580000)
  object space 1156608K, 99% used [0x0000000080000000,0x00000000c693c068,0x00000000c6980000)
 Metaspace       used 104175K, committed 106240K, reserved 1179648K
  class space    used 11378K, committed 12352K, reserved 1048576K
}
Event: 4835.971 GC heap after
{Heap after GC invocations=2278 (full 5):
 PSYoungGen      total 5120K, used 416K [0x00000000d5580000, 0x00000000d5b80000, 0x0000000100000000)
  eden space 4096K, 0% used [0x00000000d5580000,0x00000000d5580000,0x00000000d5980000)
  from space 1024K, 40% used [0x00000000d5980000,0x00000000d59e8000,0x00000000d5a80000)
  to   space 512K, 0% used [0x00000000d5b00000,0x00000000d5b00000,0x00000000d5b80000)
 ParOldGen       total 1157120K, used 1156817K [0x0000000080000000, 0x00000000c6a00000, 0x00000000d5580000)
  object space 1157120K, 99% used [0x0000000080000000,0x00000000c69b4508,0x00000000c6a00000)
 Metaspace       used 104175K, committed 106240K, reserved 1179648K
  class space    used 11378K, committed 12352K, reserved 1048576K
}
Event: 4835.990 GC heap before
{Heap before GC invocations=2279 (full 5):
 PSYoungGen      total 5120K, used 4512K [0x00000000d5580000, 0x00000000d5b80000, 0x0000000100000000)
  eden space 4096K, 100% used [0x00000000d5580000,0x00000000d5980000,0x00000000d5980000)
  from space 1024K, 40% used [0x00000000d5980000,0x00000000d59e8000,0x00000000d5a80000)
  to   space 512K, 0% used [0x00000000d5b00000,0x00000000d5b00000,0x00000000d5b80000)
 ParOldGen       total 1157120K, used 1156817K [0x0000000080000000, 0x00000000c6a00000, 0x00000000d5580000)
  object space 1157120K, 99% used [0x0000000080000000,0x00000000c69b4508,0x00000000c6a00000)
 Metaspace       used 104175K, committed 106240K, reserved 1179648K
  class space    used 11378K, committed 12352K, reserved 1048576K
}
Event: 4835.994 GC heap after
{Heap after GC invocations=2279 (full 5):
 PSYoungGen      total 5120K, used 512K [0x00000000d5580000, 0x00000000d5c80000, 0x0000000100000000)
  eden space 4608K, 0% used [0x00000000d5580000,0x00000000d5580000,0x00000000d5a00000)
  from space 512K, 100% used [0x00000000d5b00000,0x00000000d5b80000,0x00000000d5b80000)
  to   space 1024K, 0% used [0x00000000d5a00000,0x00000000d5a00000,0x00000000d5b00000)
 ParOldGen       total 1157632K, used 1157197K [0x0000000080000000, 0x00000000c6a80000, 0x00000000d5580000)
  object space 1157632K, 99% used [0x0000000080000000,0x00000000c6a13528,0x00000000c6a80000)
 Metaspace       used 104175K, committed 106240K, reserved 1179648K
  class space    used 11378K, committed 12352K, reserved 1048576K
}

